Connecting to database specified by database.yml
Compiled jquery.js  (25ms)  (pid 35369)
Compiled jquery_ujs.js  (0ms)  (pid 35369)
Compiled application.js  (37ms)  (pid 35369)
Compiled reset.css  (0ms)  (pid 35369)
Compiled recipe_book_app.css  (0ms)  (pid 35369)
Compiled application.css  (7ms)  (pid 35369)
Connecting to database specified by database.yml
Compiled jquery.js  (25ms)  (pid 35369)
Compiled jquery_ujs.js  (0ms)  (pid 35369)
Compiled application.js  (36ms)  (pid 35369)
Compiled reset.css  (0ms)  (pid 35369)
Compiled recipe_book_app.css  (0ms)  (pid 35369)
Compiled application.css  (7ms)  (pid 35369)
Connecting to database specified by database.yml
Compiled jquery.js  (29ms)  (pid 40212)
Compiled jquery_ujs.js  (0ms)  (pid 40212)
Compiled application.js  (58ms)  (pid 40212)
Compiled reset.css  (0ms)  (pid 40212)
Compiled recipe_book_app.css  (0ms)  (pid 40212)
Compiled application.css  (8ms)  (pid 40212)
Connecting to database specified by database.yml
Compiled jquery.js  (28ms)  (pid 40212)
Compiled jquery_ujs.js  (0ms)  (pid 40212)
Compiled application.js  (37ms)  (pid 40212)
Compiled reset.css  (0ms)  (pid 40212)
Compiled recipe_book_app.css  (0ms)  (pid 40212)
Compiled application.css  (7ms)  (pid 40212)
Connecting to database specified by database.yml
Compiled jquery.js  (32ms)  (pid 40611)
Compiled jquery_ujs.js  (0ms)  (pid 40611)
Compiled application.js  (45ms)  (pid 40611)
Compiled reset.css  (0ms)  (pid 40611)
Compiled recipe_book_app.css  (0ms)  (pid 40611)
Compiled application.css  (7ms)  (pid 40611)
Connecting to database specified by database.yml
Compiled jquery.js  (29ms)  (pid 40611)
Compiled jquery_ujs.js  (0ms)  (pid 40611)
Compiled application.js  (39ms)  (pid 40611)
Compiled reset.css  (0ms)  (pid 40611)
Compiled recipe_book_app.css  (0ms)  (pid 40611)
Compiled application.css  (7ms)  (pid 40611)
Connecting to database specified by database.yml
Compiled jquery.js  (32ms)  (pid 54748)
Compiled jquery_ujs.js  (0ms)  (pid 54748)
Compiled application.js  (46ms)  (pid 54748)
Compiled reset.css  (0ms)  (pid 54748)
Compiled recipe_book_app.css  (0ms)  (pid 54748)
Compiled application.css  (7ms)  (pid 54748)
Connecting to database specified by database.yml
Compiled jquery.js  (28ms)  (pid 54748)
Compiled jquery_ujs.js  (0ms)  (pid 54748)
Compiled application.js  (37ms)  (pid 54748)
Compiled reset.css  (0ms)  (pid 54748)
Compiled recipe_book_app.css  (0ms)  (pid 54748)
Compiled application.css  (7ms)  (pid 54748)
Connecting to database specified by database.yml
Compiled jquery.js  (28ms)  (pid 56006)
Compiled jquery_ujs.js  (0ms)  (pid 56006)
Compiled application.js  (38ms)  (pid 56006)
Compiled reset.css  (0ms)  (pid 56006)
Compiled recipe_book_app.css  (0ms)  (pid 56006)
Compiled application.css  (6ms)  (pid 56006)
Connecting to database specified by database.yml
Compiled jquery.js  (29ms)  (pid 56006)
Compiled jquery_ujs.js  (0ms)  (pid 56006)
Compiled application.js  (40ms)  (pid 56006)
Compiled reset.css  (0ms)  (pid 56006)
Compiled recipe_book_app.css  (0ms)  (pid 56006)
Compiled application.css  (7ms)  (pid 56006)
Connecting to database specified by database.yml
Compiled jquery.js  (29ms)  (pid 56233)
Compiled jquery_ujs.js  (0ms)  (pid 56233)
Compiled application.js  (39ms)  (pid 56233)
Compiled reset.css  (0ms)  (pid 56233)
Compiled recipe_book_app.css  (0ms)  (pid 56233)
Compiled application.css  (7ms)  (pid 56233)
Connecting to database specified by database.yml
Compiled jquery.js  (29ms)  (pid 56233)
Compiled jquery_ujs.js  (0ms)  (pid 56233)
Compiled application.js  (39ms)  (pid 56233)
Compiled reset.css  (0ms)  (pid 56233)
Compiled recipe_book_app.css  (0ms)  (pid 56233)
Compiled application.css  (7ms)  (pid 56233)
